[1014/103429.483:ERROR:directory_reader_win.cc(43)] FindFirstFile: Системе не удается найти указанный путь. (0x3)
[1014/123031.213:ERROR:process_reader_win.cc(127)] NtOpenThread: {Отказано в доступе} Процесс запросил доступ к объекту, но права на доступ не предоставлены. (0xc0000022)
[1014/123031.447:ERROR:exception_snapshot_win.cc(100)] thread ID 4244 not found in process
[1014/123031.244:ERROR:process_reader_win.cc(127)] NtOpenThread: {Отказано в доступе} Процесс запросил доступ к объекту, но права на доступ не предоставлены. (0xc0000022)
[1014/123031.478:ERROR:exception_snapshot_win.cc(100)] thread ID 2864 not found in process
[1014/123033.447:ERROR:process_reader_win.cc(155)] SuspendThread: Отказано в доступе. (0x5)
[1014/123033.447:ERROR:process_reader_win.cc(155)] SuspendThread: Отказано в доступе. (0x5)
[1014/123033.447:ERROR:process_reader_win.cc(155)] SuspendThread: Отказано в доступе. (0x5)
[1014/123033.447:ERROR:process_reader_win.cc(155)] SuspendThread: Отказано в доступе. (0x5)
[1014/123033.447:ERROR:process_reader_win.cc(155)] SuspendThread: Отказано в доступе. (0x5)
[1014/123033.447:ERROR:process_reader_win.cc(155)] SuspendThread: Отказано в доступе. (0x5)
[1014/123033.447:ERROR:process_reader_win.cc(155)] SuspendThread: Отказано в доступе. (0x5)
[1014/123033.447:ERROR:process_reader_win.cc(155)] SuspendThread: Отказано в доступе. (0x5)
[1014/123033.447:ERROR:process_reader_win.cc(155)] SuspendThread: Отказано в доступе. (0x5)
[1014/123033.447:ERROR:process_reader_win.cc(155)] SuspendThread: Отказано в доступе. (0x5)
[1014/123033.447:ERROR:process_reader_win.cc(155)] SuspendThread: Отказано в доступе. (0x5)
[1014/123033.447:ERROR:process_reader_win.cc(155)] SuspendThread: Отказано в доступе. (0x5)
[1014/123033.447:ERROR:process_reader_win.cc(155)] SuspendThread: Отказано в доступе. (0x5)
[1014/123033.447:ERROR:process_reader_win.cc(127)] NtOpenThread: {Отказано в доступе} Процесс запросил доступ к объекту, но права на доступ не предоставлены. (0xc0000022)
[1014/123033.447:ERROR:exception_snapshot_win.cc(100)] thread ID 9580 not found in process
[1014/123033.744:ERROR:filesystem_win.cc(129)] GetFileAttributes C:\Users\РђР»РµРєСЃРµР№\AppData\Local\Microsoft\Edge\User Data\Crashpad\attachments\c7bdc3db-1fac-4c84-839a-34379e865147: Системе не удается найти указанный путь. (0x3)
[1014/123033.822:ERROR:filesystem_win.cc(129)] GetFileAttributes C:\Users\РђР»РµРєСЃРµР№\AppData\Local\Microsoft\Edge\User Data\Crashpad\attachments\98c5d12a-009d-4a24-83da-55220f9af38f: Системе не удается найти указанный путь. (0x3)
[1014/123034.010:ERROR:process_reader_win.cc(155)] SuspendThread: Отказано в доступе. (0x5)
[1014/123034.010:ERROR:process_reader_win.cc(155)] SuspendThread: Отказано в доступе. (0x5)
[1014/123034.010:ERROR:process_reader_win.cc(155)] SuspendThread: Отказано в доступе. (0x5)
[1014/123034.010:ERROR:process_reader_win.cc(155)] SuspendThread: Отказано в доступе. (0x5)
[1014/123034.010:ERROR:process_reader_win.cc(155)] SuspendThread: Отказано в доступе. (0x5)
[1014/123034.010:ERROR:process_reader_win.cc(155)] SuspendThread: Отказано в доступе. (0x5)
[1014/123034.010:ERROR:process_reader_win.cc(155)] SuspendThread: Отказано в доступе. (0x5)
[1014/123034.010:ERROR:process_reader_win.cc(155)] SuspendThread: Отказано в доступе. (0x5)
[1014/123034.010:ERROR:process_reader_win.cc(155)] SuspendThread: Отказано в доступе. (0x5)
[1014/123034.010:ERROR:process_reader_win.cc(155)] SuspendThread: Отказано в доступе. (0x5)
[1014/123034.010:ERROR:process_reader_win.cc(155)] SuspendThread: Отказано в доступе. (0x5)
[1014/123034.010:ERROR:process_reader_win.cc(155)] SuspendThread: Отказано в доступе. (0x5)
[1014/123034.010:ERROR:process_reader_win.cc(155)] SuspendThread: Отказано в доступе. (0x5)
[1014/123034.010:ERROR:process_reader_win.cc(155)] SuspendThread: Отказано в доступе. (0x5)
[1014/123034.010:ERROR:process_reader_win.cc(127)] NtOpenThread: {Отказано в доступе} Процесс запросил доступ к объекту, но права на доступ не предоставлены. (0xc0000022)
[1014/123034.010:ERROR:exception_snapshot_win.cc(100)] thread ID 11956 not found in process
[1014/123034.150:ERROR:process_reader_win.cc(155)] SuspendThread: Отказано в доступе. (0x5)
[1014/123034.150:ERROR:process_reader_win.cc(155)] SuspendThread: Отказано в доступе. (0x5)
[1014/123034.150:ERROR:process_reader_win.cc(155)] SuspendThread: Отказано в доступе. (0x5)
[1014/123034.150:ERROR:process_reader_win.cc(155)] SuspendThread: Отказано в доступе. (0x5)
[1014/123034.150:ERROR:process_reader_win.cc(155)] SuspendThread: Отказано в доступе. (0x5)
[1014/123034.150:ERROR:process_reader_win.cc(155)] SuspendThread: Отказано в доступе. (0x5)
[1014/123034.150:ERROR:process_reader_win.cc(155)] SuspendThread: Отказано в доступе. (0x5)
[1014/123034.150:ERROR:process_reader_win.cc(155)] SuspendThread: Отказано в доступе. (0x5)
[1014/123034.150:ERROR:process_reader_win.cc(155)] SuspendThread: Отказано в доступе. (0x5)
[1014/123034.150:ERROR:process_reader_win.cc(155)] SuspendThread: Отказано в доступе. (0x5)
[1014/123034.150:ERROR:process_reader_win.cc(155)] SuspendThread: Отказано в доступе. (0x5)
[1014/123034.150:ERROR:process_reader_win.cc(155)] SuspendThread: Отказано в доступе. (0x5)
[1014/123034.150:ERROR:process_reader_win.cc(127)] NtOpenThread: {Отказано в доступе} Процесс запросил доступ к объекту, но права на доступ не предоставлены. (0xc0000022)
[1014/123034.150:ERROR:exception_snapshot_win.cc(100)] thread ID 2372 not found in process
[1014/123034.291:ERROR:process_reader_win.cc(155)] SuspendThread: Отказано в доступе. (0x5)
[1014/123034.291:ERROR:process_reader_win.cc(155)] SuspendThread: Отказано в доступе. (0x5)
[1014/123034.291:ERROR:process_reader_win.cc(155)] SuspendThread: Отказано в доступе. (0x5)
[1014/123034.291:ERROR:process_reader_win.cc(155)] SuspendThread: Отказано в доступе. (0x5)
[1014/123034.291:ERROR:process_reader_win.cc(155)] SuspendThread: Отказано в доступе. (0x5)
[1014/123034.291:ERROR:process_reader_win.cc(155)] SuspendThread: Отказано в доступе. (0x5)
[1014/123034.291:ERROR:process_reader_win.cc(155)] SuspendThread: Отказано в доступе. (0x5)
[1014/123034.291:ERROR:process_reader_win.cc(155)] SuspendThread: Отказано в доступе. (0x5)
[1014/123034.291:ERROR:process_reader_win.cc(155)] SuspendThread: Отказано в доступе. (0x5)
[1014/123034.291:ERROR:process_reader_win.cc(155)] SuspendThread: Отказано в доступе. (0x5)
[1014/123034.291:ERROR:process_reader_win.cc(155)] SuspendThread: Отказано в доступе. (0x5)
[1014/123034.291:ERROR:process_reader_win.cc(155)] SuspendThread: Отказано в доступе. (0x5)
[1014/123034.291:ERROR:process_reader_win.cc(155)] SuspendThread: Отказано в доступе. (0x5)
[1014/123034.291:ERROR:process_reader_win.cc(155)] SuspendThread: Отказано в доступе. (0x5)
[1014/123034.291:ERROR:process_reader_win.cc(127)] NtOpenThread: {Отказано в доступе} Процесс запросил доступ к объекту, но права на доступ не предоставлены. (0xc0000022)
[1014/123034.291:ERROR:exception_snapshot_win.cc(100)] thread ID 3968 not found in process
